<?xml version="1.0" encoding="UTF-8"?>
<testng-results ignored="0" total="2" passed="2" failed="0" skipped="0">
  <reporter-output>
  </reporter-output>
  <suite started-at="2021-11-02T06:24:16 IST" name="Default suite" finished-at="2021-11-02T06:24:30 IST" duration-ms="13857">
    <groups>
    </groups>
    <test started-at="2021-11-02T06:24:16 IST" name="Default test" finished-at="2021-11-02T06:24:30 IST" duration-ms="13857">
      <class name="com.demoTestCases.TestCase1">
        <test-method is-config="true" signature="configBS()[pri:0, instance:com.demoTestCases.TestCase1@294425a7]" started-at="2021-11-02T06:24:16 IST" name="configBS" finished-at="2021-11-02T06:24:16 IST" duration-ms="12" status="PASS">
          <reporter-output>
          </reporter-output>
        </test-method> <!-- configBS -->
        <test-method is-config="true" signature="configBT()[pri:0, instance:com.demoTestCases.TestCase1@294425a7]" started-at="2021-11-02T06:24:16 IST" name="configBT" finished-at="2021-11-02T06:24:16 IST" duration-ms="0" status="PASS">
          <reporter-output>
          </reporter-output>
        </test-method> <!-- configBT -->
        <test-method is-config="true" signature="configBC()[pri:0, instance:com.demoTestCases.TestCase1@294425a7]" started-at="2021-11-02T06:24:16 IST" name="configBC" finished-at="2021-11-02T06:24:22 IST" duration-ms="6057" status="PASS">
          <reporter-output>
          </reporter-output>
        </test-method> <!-- configBC -->
        <test-method is-config="true" signature="configBM()[pri:0, instance:com.demoTestCases.TestCase1@294425a7]" started-at="2021-11-02T06:24:22 IST" name="configBM" finished-at="2021-11-02T06:24:23 IST" duration-ms="289" status="PASS">
          <reporter-output>
          </reporter-output>
        </test-method> <!-- configBM -->
        <test-method signature="sample()[pri:0, instance:com.demoTestCases.TestCase1@294425a7]" started-at="2021-11-02T06:24:23 IST" name="sample" finished-at="2021-11-02T06:24:23 IST" duration-ms="7" status="PASS">
          <reporter-output>
          </reporter-output>
        </test-method> <!-- sample -->
        <test-method is-config="true" signature="configAM()[pri:0, instance:com.demoTestCases.TestCase1@294425a7]" started-at="2021-11-02T06:24:23 IST" name="configAM" finished-at="2021-11-02T06:24:26 IST" duration-ms="3732" status="PASS">
          <reporter-output>
          </reporter-output>
        </test-method> <!-- configAM -->
        <test-method is-config="true" signature="configBM()[pri:0, instance:com.demoTestCases.TestCase1@294425a7]" started-at="2021-11-02T06:24:26 IST" name="configBM" finished-at="2021-11-02T06:24:26 IST" duration-ms="190" status="PASS">
          <reporter-output>
          </reporter-output>
        </test-method> <!-- configBM -->
        <test-method signature="sample2()[pri:0, instance:com.demoTestCases.TestCase1@294425a7]" started-at="2021-11-02T06:24:26 IST" name="sample2" finished-at="2021-11-02T06:24:26 IST" duration-ms="2" status="PASS">
          <reporter-output>
          </reporter-output>
        </test-method> <!-- sample2 -->
        <test-method is-config="true" signature="configAM()[pri:0, instance:com.demoTestCases.TestCase1@294425a7]" started-at="2021-11-02T06:24:26 IST" name="configAM" finished-at="2021-11-02T06:24:30 IST" duration-ms="3287" status="PASS">
          <reporter-output>
          </reporter-output>
        </test-method> <!-- configAM -->
        <test-method is-config="true" signature="configAC()[pri:0, instance:com.demoTestCases.TestCase1@294425a7]" started-at="2021-11-02T06:24:30 IST" name="configAC" finished-at="2021-11-02T06:24:30 IST" duration-ms="249" status="PASS">
          <reporter-output>
          </reporter-output>
        </test-method> <!-- configAC -->
        <test-method is-config="true" signature="configAT()[pri:0, instance:com.demoTestCases.TestCase1@294425a7]" started-at="2021-11-02T06:24:30 IST" name="configAT" finished-at="2021-11-02T06:24:30 IST" duration-ms="0" status="PASS">
          <reporter-output>
          </reporter-output>
        </test-method> <!-- configAT -->
        <test-method is-config="true" signature="configAS()[pri:0, instance:com.demoTestCases.TestCase1@294425a7]" started-at="2021-11-02T06:24:30 IST" name="configAS" finished-at="2021-11-02T06:24:30 IST" duration-ms="0" status="PASS">
          <reporter-output>
          </reporter-output>
        </test-method> <!-- configAS -->
      </class> <!-- com.demoTestCases.TestCase1 -->
    </test> <!-- Default test -->
  </suite> <!-- Default suite -->
</testng-results>
